<?xml version="1.0" encoding="UTF-8"?>
<!-- Generated by org.testng.reporters.JUnitReportReporter -->
<testsuite hostname="Gurleens-iMac.local" failures="0" tests="5" name="Tests.Test1" time="0.025" errors="1" timestamp="2022-01-26T20:54:41 EST" skipped="0">
  <testcase classname="Tests.Test1" name="testDataProvider" time="0.001">
    <error message="
Method public void Tests.Test1.testDataProvider(int,java.lang.String) requires a @DataProvider named : dp" type="org.testng.TestNGException">
      <![CDATA[org.testng.TestNGException: 
Method public void Tests.Test1.testDataProvider(int,java.lang.String) requires a @DataProvider named : dp
at org.testng.internal.Parameters.findDataProvider(Parameters.java:561)
at org.testng.internal.Parameters.handleParameters(Parameters.java:772)
at org.testng.internal.Parameters.handleParameters(Parameters.java:740)
at org.testng.internal.ParameterHandler.handleParameters(ParameterHandler.java:59)
at org.testng.internal.ParameterHandler.createParameters(ParameterHandler.java:38)
at org.testng.internal.TestInvoker$MethodInvocationAgent.invoke(TestInvoker.java:791)
at org.testng.internal.TestInvoker.invokeTestMethods(TestInvoker.java:146)
at org.testng.internal.TestMethodWorker.invokeTestMethods(TestMethodWorker.java:146)
at org.testng.internal.TestMethodWorker.run(TestMethodWorker.java:128)
at java.base/java.util.ArrayList.forEach(ArrayList.java:1511)
at org.testng.TestRunner.privateRun(TestRunner.java:794)
at org.testng.TestRunner.run(TestRunner.java:596)
at org.testng.SuiteRunner.runTest(SuiteRunner.java:377)
at org.testng.SuiteRunner.access$000(SuiteRunner.java:28)
at org.testng.SuiteRunner$SuiteWorker.run(SuiteRunner.java:418)
at org.testng.internal.thread.ThreadUtil.lambda$execute$0(ThreadUtil.java:64)
at java.base/java.util.concurrent.FutureTask.run(FutureTask.java:264)
at java.base/java.util.concurrent.ThreadPoolExecutor.runWorker(ThreadPoolExecutor.java:1130)
at java.base/java.util.concurrent.ThreadPoolExecutor$Worker.run(ThreadPoolExecutor.java:630)
at java.base/java.lang.Thread.run(Thread.java:832)
]]>
    </error>
  </testcase> <!-- testDataProvider -->
  <system-out/>
  <testcase classname="Tests.Test1" name="test1" time="0.005"/>
  <system-out/>
  <testcase classname="Tests.Test1" name="test1" time="0.004"/>
  <system-out/>
  <testcase classname="Tests.Test1" name="test2" time="0.007"/>
  <system-out/>
  <testcase classname="Tests.Test1" name="test3" time="0.008"/>
  <system-out/>
</testsuite> <!-- Tests.Test1 -->
